Build started 12/17/2012 5:33:35 PM.
     1>Project "C:\Users\Jonathan_Moore\Documents\Visual Studio 2012\Projects\Concurrent\CHESS\Win32Chess\Win32Chess.vcxproj" on node 5 (Build target(s)).
     1>ClCompile:
         C:\Program Files (x86)\Microsoft Visual Studio 11.0\VC\bin\CL.exe /c /I..\Chess /ZI /nologo /W3 /WX /Od /Oy- /D WIN32 /D _DEBUG /D _WINDOWS /D _USRDLL /D WIN32CHESS_EXPORTS /D _WINDLL /Gm- /EHsc /RTC1 /MDd /GS /fp:precise /Zc:wchar_t /Zc:forScope /Fo"Debug\\" /Fd"Debug\vc110.pdb" /Gd /TP /analyze- /errorReport:prompt ChessWrapperSentry.cpp IATDetours.cpp MemoryWrappers.cpp Semaphore.cpp StackWalkHelper.cpp win32.cpp Win32AsyncProc.cpp Win32Chess.cpp Win32CriticalSection.cpp Win32IOCompletion.cpp Win32SyncManager.cpp Win32Timers.cpp Win32WrapperManager.cpp Win32Wrappers.cpp WrappersConsole.cpp WrappersFltLib.cpp WrappersMSVCRT.cpp
         ChessWrapperSentry.cpp
         IATDetours.cpp
         MemoryWrappers.cpp
         Semaphore.cpp
         StackWalkHelper.cpp
         win32.cpp
         Win32AsyncProc.cpp
         Win32Chess.cpp
         Win32CriticalSection.cpp
         Win32IOCompletion.cpp
         Win32SyncManager.cpp
         Win32Timers.cpp
         Win32WrapperManager.cpp
         Win32Wrappers.cpp
         WrappersConsole.cpp
         WrappersFltLib.cpp
         WrappersMSVCRT.cpp
         Generating Code...
       Link:
         C:\Program Files (x86)\Microsoft Visual Studio 11.0\VC\bin\link.exe /ERRORREPORT:PROMPT /OUT:"C:\Users\Jonathan_Moore\Documents\Visual Studio 2012\Projects\Concurrent\CHESS\Debug\Win32Chess.dll" /INCREMENTAL /NOLOGO psapi.lib dbghelp.lib kernel32.lib user32.lib gdi32.lib winspool.lib comdlg32.lib advapi32.lib shell32.lib ole32.lib oleaut32.lib uuid.lib odbc32.lib odbccp32.lib /MANIFEST /MANIFESTUAC:"level='asInvoker' uiAccess='false'" /manifest:embed /DEBUG /PDB:"C:\Users\Jonathan_Moore\Documents\Visual Studio 2012\Projects\Concurrent\CHESS\Debug\Win32Chess.pdb" /SUBSYSTEM:WINDOWS /TLBID:1 /DYNAMICBASE:NO /IMPLIB:"C:\Users\Jonathan_Moore\Documents\Visual Studio 2012\Projects\Concurrent\CHESS\Debug\Win32Chess.lib" /MACHINE:X86 /PROFILE /SAFESEH /DLL Debug\ChessWrapperSentry.obj
         Debug\IATDetours.obj
         Debug\MemoryWrappers.obj
         Debug\Semaphore.obj
         Debug\StackWalkHelper.obj
         Debug\win32.obj
         Debug\Win32AsyncProc.obj
         Debug\Win32Chess.obj
         Debug\Win32CriticalSection.obj
         Debug\Win32IOCompletion.obj
         Debug\Win32SyncManager.obj
         Debug\Win32Timers.obj
         Debug\Win32WrapperManager.obj
         Debug\Win32Wrappers.obj
         Debug\WrappersConsole.obj
         Debug\WrappersFltLib.obj
         Debug\WrappersMSVCRT.obj
         "C:\Users\Jonathan_Moore\Documents\Visual Studio 2012\Projects\Concurrent\CHESS\Debug\Chess.lib"
     1>LINK : warning LNK4075: ignoring '/INCREMENTAL' due to '/PROFILE' specification
     1>ChessWrapperSentry.obj : warning LNK4075: ignoring '/EDITANDCONTINUE' due to '/OPT:LBR' specification
            Creating library C:\Users\Jonathan_Moore\Documents\Visual Studio 2012\Projects\Concurrent\CHESS\Debug\Win32Chess.lib and object C:\Users\Jonathan_Moore\Documents\Visual Studio 2012\Projects\Concurrent\CHESS\Debug\Win32Chess.exp
         Win32Chess.vcxproj -> C:\Users\Jonathan_Moore\Documents\Visual Studio 2012\Projects\Concurrent\CHESS\Debug\Win32Chess.dll
     1>Done Building Project "C:\Users\Jonathan_Moore\Documents\Visual Studio 2012\Projects\Concurrent\CHESS\Win32Chess\Win32Chess.vcxproj" (Build target(s)).

Build succeeded.

Time Elapsed 00:00:24.15
