Build started 12/17/2012 5:33:59 PM.
     1>Project "C:\Users\Jonathan_Moore\Documents\Visual Studio 2012\Projects\Concurrent\CHESS\Win32Chess\Win32VistaWrappers\Win32VistaWrappers.vcxproj" on node 4 (Build target(s)).
     1>ClCompile:
         C:\Program Files (x86)\Microsoft Visual Studio 11.0\VC\bin\CL.exe /c /I..\..\chess /I.. /ZI /nologo /W3 /WX- /Od /Oy- /D WIN32 /D _DEBUG /D _WINDOWS /D _USRDLL /D WIN32VISTAWRAPPERS_EXPORTS /D _WINDLL /Gm- /EHsc /RTC1 /MDd /GS /fp:precise /Zc:wchar_t /Zc:forScope /Fo"Debug\\" /Fd"Debug\vc110.pdb" /Gd /TP /analyze- /errorReport:prompt ..\Win32ConditionVariable.cpp ..\Win32SRWLock.cpp Win32VistaWrappers.cpp
         Win32ConditionVariable.cpp
         Win32SRWLock.cpp
         Win32VistaWrappers.cpp
         Generating Code...
       Link:
         C:\Program Files (x86)\Microsoft Visual Studio 11.0\VC\bin\link.exe /ERRORREPORT:PROMPT /OUT:"C:\Users\Jonathan_Moore\Documents\Visual Studio 2012\Projects\Concurrent\CHESS\Debug\Win32VistaWrappers.dll" /INCREMENTAL /NOLOGO kernel32.lib user32.lib gdi32.lib winspool.lib comdlg32.lib advapi32.lib shell32.lib ole32.lib oleaut32.lib uuid.lib odbc32.lib odbccp32.lib /MANIFEST /MANIFESTUAC:"level='asInvoker' uiAccess='false'" /manifest:embed /DEBUG /PDB:"C:\Users\Jonathan_Moore\Documents\Visual Studio 2012\Projects\Concurrent\CHESS\Debug\Win32VistaWrappers.pdb" /SUBSYSTEM:WINDOWS /TLBID:1 /DYNAMICBASE /NXCOMPAT /IMPLIB:"C:\Users\Jonathan_Moore\Documents\Visual Studio 2012\Projects\Concurrent\CHESS\Debug\Win32VistaWrappers.lib" /MACHINE:X86 /PROFILE /SAFESEH /DLL Debug\Win32ConditionVariable.obj
         Debug\Win32SRWLock.obj
         Debug\Win32VistaWrappers.obj
         "C:\Users\Jonathan_Moore\Documents\Visual Studio 2012\Projects\Concurrent\CHESS\Debug\Win32Chess.lib"
         "C:\Users\Jonathan_Moore\Documents\Visual Studio 2012\Projects\Concurrent\CHESS\Debug\Chess.lib"
     1>LINK : warning LNK4075: ignoring '/INCREMENTAL' due to '/PROFILE' specification
     1>Win32ConditionVariable.obj : warning LNK4075: ignoring '/EDITANDCONTINUE' due to '/OPT:LBR' specification
            Creating library C:\Users\Jonathan_Moore\Documents\Visual Studio 2012\Projects\Concurrent\CHESS\Debug\Win32VistaWrappers.lib and object C:\Users\Jonathan_Moore\Documents\Visual Studio 2012\Projects\Concurrent\CHESS\Debug\Win32VistaWrappers.exp
         Win32VistaWrappers.vcxproj -> C:\Users\Jonathan_Moore\Documents\Visual Studio 2012\Projects\Concurrent\CHESS\Debug\Win32VistaWrappers.dll
     1>Done Building Project "C:\Users\Jonathan_Moore\Documents\Visual Studio 2012\Projects\Concurrent\CHESS\Win32Chess\Win32VistaWrappers\Win32VistaWrappers.vcxproj" (Build target(s)).

Build succeeded.

Time Elapsed 00:00:05.52
